Flow report for tank_duel
Mon Dec  2 15:52:35 2024
Quartus Prime Version 23.1std.1 Build 993 05/14/2024 SC Lite Edition


---------------------
; Table of Contents ;
---------------------
  1. Legal Notice
  2. Flow Summary
  3. Flow Settings
  4. Flow Non-Default Global Settings
  5. Flow Elapsed Time
  6. Flow OS Summary
  7. Flow Log
  8. Flow Messages
  9. Flow Suppressed Messages



----------------
; Legal Notice ;
----------------
Copyright (C) 2024  Intel Corporation. All rights reserved.
Your use of Intel Corporation's design tools, logic functions 
and other software and tools, and any partner logic 
functions, and any output files from any of the foregoing 
(including device programming or simulation files), and any 
associated documentation or information are expressly subject 
to the terms and conditions of the Intel Program License 
Subscription Agreement, the Intel Quartus Prime License Agreement,
the Intel FPGA IP License Agreement, or other applicable license
agreement, including, without limitation, that your use is for
the sole purpose of programming logic devices manufactured by
Intel and sold by Intel or its authorized distributors.  Please
refer to the applicable agreement for further details, at
https://fpgasoftware.intel.com/eula.



+-------------------------------------------------------------------------------------+
; Flow Summary                                                                        ;
+------------------------------------+------------------------------------------------+
; Flow Status                        ; Successful - Mon Dec  2 15:52:35 2024          ;
; Quartus Prime Version              ; 23.1std.1 Build 993 05/14/2024 SC Lite Edition ;
; Revision Name                      ; tank_duel                                      ;
; Top-level Entity Name              ; tank_duel                                      ;
; Family                             ; Cyclone IV E                                   ;
; Device                             ; EP4CE115F29C7                                  ;
; Timing Models                      ; Final                                          ;
; Total logic elements               ; 967 / 114,480 ( < 1 % )                        ;
;     Total combinational functions  ; 880 / 114,480 ( < 1 % )                        ;
;     Dedicated logic registers      ; 332 / 114,480 ( < 1 % )                        ;
; Total registers                    ; 332                                            ;
; Total pins                         ; 60 / 529 ( 11 % )                              ;
; Total virtual pins                 ; 0                                              ;
; Total memory bits                  ; 614,400 / 3,981,312 ( 15 % )                   ;
; Embedded Multiplier 9-bit elements ; 0 / 532 ( 0 % )                                ;
; Total PLLs                         ; 0 / 4 ( 0 % )                                  ;
+------------------------------------+------------------------------------------------+


+-----------------------------------------+
; Flow Settings                           ;
+-------------------+---------------------+
; Option            ; Setting             ;
+-------------------+---------------------+
; Start date & time ; 12/02/2024 15:52:10 ;
; Main task         ; Compilation         ;
; Revision Name     ; tank_duel           ;
+-------------------+---------------------+


+------------------------------------------------------------------------------------------------------------------------------------------------+
; Flow Non-Default Global Settings                                                                                                               ;
+-------------------------------------+----------------------------------------+---------------+-------------+-----------------------------------+
; Assignment Name                     ; Value                                  ; Default Value ; Entity Name ; Section Id                        ;
+-------------------------------------+----------------------------------------+---------------+-------------+-----------------------------------+
; COMPILER_SIGNATURE_ID               ; 119438745842234.173317633033850        ; --            ; --          ; --                                ;
; EDA_GENERATE_FUNCTIONAL_NETLIST     ; Off                                    ; --            ; --          ; eda_board_design_timing           ;
; EDA_GENERATE_FUNCTIONAL_NETLIST     ; Off                                    ; --            ; --          ; eda_board_design_boundary_scan    ;
; EDA_GENERATE_FUNCTIONAL_NETLIST     ; Off                                    ; --            ; --          ; eda_board_design_signal_integrity ;
; EDA_GENERATE_FUNCTIONAL_NETLIST     ; Off                                    ; --            ; --          ; eda_board_design_symbol           ;
; EDA_OUTPUT_DATA_FORMAT              ; Verilog Hdl                            ; --            ; --          ; eda_simulation                    ;
; EDA_SIMULATION_TOOL                 ; Questa Intel FPGA (Verilog)            ; <None>        ; --          ; --                                ;
; EDA_TIME_SCALE                      ; 1 ps                                   ; --            ; --          ; eda_simulation                    ;
; MAX_CORE_JUNCTION_TEMP              ; 85                                     ; --            ; --          ; --                                ;
; MIN_CORE_JUNCTION_TEMP              ; 0                                      ; --            ; --          ; --                                ;
; NOMINAL_CORE_SUPPLY_VOLTAGE         ; 1.2V                                   ; --            ; --          ; --                                ;
; PARTITION_COLOR                     ; -- (Not supported for targeted family) ; --            ; --          ; Top                               ;
; PARTITION_FITTER_PRESERVATION_LEVEL ; -- (Not supported for targeted family) ; --            ; --          ; Top                               ;
; PARTITION_NETLIST_TYPE              ; -- (Not supported for targeted family) ; --            ; --          ; Top                               ;
; PROJECT_OUTPUT_DIRECTORY            ; output_files                           ; --            ; --          ; --                                ;
+-------------------------------------+----------------------------------------+---------------+-------------+-----------------------------------+


+--------------------------------------------------------------------------------------------------------------------------+
; Flow Elapsed Time                                                                                                        ;
+----------------------+--------------+-------------------------+---------------------+------------------------------------+
; Module Name          ; Elapsed Time ; Average Processors Used ; Peak Virtual Memory ; Total CPU Time (on all processors) ;
+----------------------+--------------+-------------------------+---------------------+------------------------------------+
; Analysis & Synthesis ; 00:00:07     ; 1.0                     ; 448 MB              ; 00:00:13                           ;
; Fitter               ; 00:00:12     ; 1.0                     ; 1155 MB             ; 00:00:20                           ;
; Assembler            ; 00:00:02     ; 1.0                     ; 367 MB              ; 00:00:02                           ;
; Timing Analyzer      ; 00:00:01     ; 1.2                     ; 553 MB              ; 00:00:02                           ;
; EDA Netlist Writer   ; 00:00:00     ; 1.0                     ; 600 MB              ; 00:00:00                           ;
; Total                ; 00:00:22     ; --                      ; --                  ; 00:00:37                           ;
+----------------------+--------------+-------------------------+---------------------+------------------------------------+


+------------------------------------------------------------------------------------------------------------------------------+
; Flow OS Summary                                                                                                              ;
+----------------------+----------------------------------------------------------+--------------+------------+----------------+
; Module Name          ; Machine Hostname                                         ; OS Name      ; OS Version ; Processor type ;
+----------------------+----------------------------------------------------------+--------------+------------+----------------+
; Analysis & Synthesis ; laehon-124I-00060T-000M-0200000D-0B-07F-1C-01P-16Y-0U-02 ; Ubuntu 23.10 ; 23         ; x86_64         ;
; Fitter               ; laehon-124I-00060T-000M-0200000D-0B-07F-1C-01P-16Y-0U-02 ; Ubuntu 23.10 ; 23         ; x86_64         ;
; Assembler            ; laehon-124I-00060T-000M-0200000D-0B-07F-1C-01P-16Y-0U-02 ; Ubuntu 23.10 ; 23         ; x86_64         ;
; Timing Analyzer      ; laehon-124I-00060T-000M-0200000D-0B-07F-1C-01P-16Y-0U-02 ; Ubuntu 23.10 ; 23         ; x86_64         ;
; EDA Netlist Writer   ; laehon-124I-00060T-000M-0200000D-0B-07F-1C-01P-16Y-0U-02 ; Ubuntu 23.10 ; 23         ; x86_64         ;
+----------------------+----------------------------------------------------------+--------------+------------+----------------+


------------
; Flow Log ;
------------
quartus_map --read_settings_files=on --write_settings_files=off tank_duel -c tank_duel
quartus_fit --read_settings_files=off --write_settings_files=off tank_duel -c tank_duel
quartus_asm --read_settings_files=off --write_settings_files=off tank_duel -c tank_duel
quartus_sta tank_duel -c tank_duel
quartus_eda --read_settings_files=off --write_settings_files=off tank_duel -c tank_duel



